<component name="libraryTable">
  <library name="junit-4.3-src">
    <CLASSES>
      <root url="jar://$PROJECT_DIR$/../../../plugins/junit4/junit4.3/junit-4.3.jar!/" />
      <root url="jar://$PROJECT_DIR$/../../../plugins/junit4/hamcrest-core-1.3.jar!/" />
    </CLASSES>
    <JAVADOC />
    <SOURCES>
      <root url="jar://$PROJECT_DIR$/../../../plugins/junit4/junit4.3/junit-4.3-src.jar!/" />
      <root url="jar://$PROJECT_DIR$/../../../plugins/junit4/hamcrest-core-1.3-sources.jar!/" />
    </SOURCES>
  </library>
</component>